<?xml version="1.0" encoding="UTF-8"?>
<!-- Generated by org.testng.reporters.JUnitReportReporter -->
<testsuite hostname="Adhams-Mac-mini.fritz.box" failures="0" tests="1" name="testPackage.CreateAccountPageTest" time="11.154" errors="0" timestamp="2022-03-20T21:05:01 EET" skipped="0">
  <testcase classname="testPackage.CreateAccountPageTest" name="validateValidRegistration" time="11.154"/>
  <system-out/>
</testsuite> <!-- testPackage.CreateAccountPageTest -->
