<?xml version="1.0" encoding="UTF-8"?>
<!-- Generated by org.testng.reporters.JUnitReportReporter -->
<testsuite skipped="0" hostname="METACL0200" name="CreateAccountPageTest" tests="3" failures="0" timestamp="19 Mar 2022 18:20:24 GMT" time="15.596" errors="0">
  <testcase name="validateRegistrationPageIsDisplayed" time="4.966" classname="CreateAccountPageTest"/>
  <testcase name="validateMandatoryFields" time="5.398" classname="CreateAccountPageTest"/>
  <testcase name="validatePasswordMatching" time="5.232" classname="CreateAccountPageTest"/>
</testsuite> <!-- CreateAccountPageTest -->
