<?xml version="1.0" encoding="UTF-8"?>
<!-- Generated by org.testng.reporters.JUnitReportReporter -->
<testsuite hostname="Adhams-Mac-mini.fritz.box" failures="0" tests="1" name="testPackage.LandingPageTest" time="5.966" errors="0" timestamp="2022-03-20T19:46:08 EET" skipped="0">
  <testcase classname="testPackage.LandingPageTest" name="validateLandingPageIsDisplayed" time="5.966"/>
  <system-out/>
</testsuite> <!-- testPackage.LandingPageTest -->
