<?xml version="1.0" encoding="UTF-8"?>
<!-- Generated by org.testng.reporters.JUnitReportReporter -->
<testsuite skipped="0" hostname="METACL0200" name="Registeration" tests="1" failures="0" timestamp="17 Mar 2022 16:42:13 GMT" time="5.339" errors="0">
  <testcase name="validateMandatoryFields" time="5.339" classname="Registeration"/>
</testsuite> <!-- Registeration -->
