<?xml version="1.0" encoding="UTF-8"?>
<!-- Generated by org.testng.reporters.JUnitReportReporter -->
<testsuite skipped="0" hostname="METACL0200" name="LandingPageTest" tests="1" failures="0" timestamp="19 Mar 2022 17:58:06 GMT" time="4.441" errors="0">
  <testcase name="validateLandingPageIsDisplayed" time="4.441" classname="LandingPageTest"/>
</testsuite> <!-- LandingPageTest -->
