<?xml version="1.0" encoding="UTF-8"?>
<!-- Generated by org.testng.reporters.JUnitReportReporter -->
<testsuite hostname="Adhams-Mac-mini.fritz.box" failures="0" tests="5" name="testPackage.CreateAccountPageTest" time="30.930" errors="0" timestamp="2022-03-21T20:48:03 EET" skipped="0">
  <testcase classname="testPackage.CreateAccountPageTest" name="validateRegistrationPageIsDisplayed" time="5.255"/>
  <system-out/>
  <testcase classname="testPackage.CreateAccountPageTest" name="validateMandatoryFieldsOnRegistration" time="5.465"/>
  <system-out/>
  <testcase classname="testPackage.CreateAccountPageTest" name="validatePasswordMatchingOnRegistration" time="5.603"/>
  <system-out/>
  <testcase classname="testPackage.CreateAccountPageTest" name="validatePasswordComplexityOnRegistration" time="5.607"/>
  <system-out/>
  <testcase classname="testPackage.CreateAccountPageTest" name="validateValidRegistration" time="9.000"/>
  <system-out/>
</testsuite> <!-- testPackage.CreateAccountPageTest -->
