<?xml version="1.0" encoding="UTF-8"?>
<!-- Generated by org.testng.reporters.JUnitReportReporter -->
<testsuite hostname="Adhams-Mac-mini.fritz.box" failures="0" tests="5" name="testPackage.CreateAccountPageTest" time="31.831" errors="0" timestamp="2022-03-20T21:08:28 EET" skipped="0">
  <testcase classname="testPackage.CreateAccountPageTest" name="validateRegistrationPageIsDisplayed" time="5.448"/>
  <system-out/>
  <testcase classname="testPackage.CreateAccountPageTest" name="validateMandatoryFieldsOnRegistration" time="5.722"/>
  <system-out/>
  <testcase classname="testPackage.CreateAccountPageTest" name="validatePasswordMatchingOnRegistration" time="5.968"/>
  <system-out/>
  <testcase classname="testPackage.CreateAccountPageTest" name="validatePasswordComplexityOnRegistration" time="5.476"/>
  <system-out/>
  <testcase classname="testPackage.CreateAccountPageTest" name="validateValidRegistration" time="9.217"/>
  <system-out/>
</testsuite> <!-- testPackage.CreateAccountPageTest -->
